<?xml version="1.0" encoding="UTF-8"?>
<testsuite xmlns:xsi="http://www.w3.org/2001/XMLSchema-instance" xsi:noNamespaceSchemaLocation="https://maven.apache.org/surefire/maven-surefire-plugin/xsd/surefire-test-report.xsd" name="com.sa.barrenland.AppTest" time="85.127" tests="4" errors="0" skipped="0" failures="0">
  <properties>
[...]
</properties>
  <testcase name="testMain" classname="com.sa.barrenland.AppTest" time="0.003"/>
  <testcase name="testFindFertile" classname="com.sa.barrenland.AppTest" time="12.028"/>
  <testcase name="testFindFertile2" classname="com.sa.barrenland.AppTest" time="72.581"/>
  <testcase name="testFindFertile4" classname="com.sa.barrenland.AppTest" time="0.393"/>
</testsuite>